<?xml version="1.0" encoding="UTF-8"?>
<<<<<<< HEAD
<testsuite xmlns:xsi="http://www.w3.org/2001/XMLSchema-instance" xsi:noNamespaceSchemaLocation="https://maven.apache.org/surefire/maven-surefire-plugin/xsd/surefire-test-report.xsd" name="hms.intern.AppTest" time="0.08" tests="1" errors="0" skipped="0" failures="0">
=======
<testsuite xmlns:xsi="http://www.w3.org/2001/XMLSchema-instance" xsi:noNamespaceSchemaLocation="https://maven.apache.org/surefire/maven-surefire-plugin/xsd/surefire-test-report.xsd" name="hms.intern.AppTest" time="0.016" tests="1" errors="0" skipped="0" failures="0">
>>>>>>> 4b180a47a99a510e1429bd00070a231ec946d26e
  <properties>
    <property name="sun.desktop" value="gnome"/>
    <property name="awt.toolkit" value="sun.awt.X11.XToolkit"/>
    <property name="file.encoding.pkg" value="sun.io"/>
    <property name="java.specification.version" value="1.8"/>
    <property name="sun.cpu.isalist" value=""/>
    <property name="sun.jnu.encoding" value="UTF-8"/>
    <property name="java.class.path" value="/home/rehan/Projects/apacheMaven/parent-core-service/core/target/test-classes:/home/rehan/Projects/apacheMaven/parent-core-service/core/target/classes:/home/rehan/.m2/repository/junit/junit/4.11/junit-4.11.jar:/home/rehan/.m2/repository/org/hamcrest/hamcrest-core/1.3/hamcrest-core-1.3.jar:"/>
    <property name="java.vm.vendor" value="Oracle Corporation"/>
    <property name="sun.arch.data.model" value="64"/>
    <property name="java.vendor.url" value="http://java.oracle.com/"/>
    <property name="user.timezone" value=""/>
    <property name="java.vm.specification.version" value="1.8"/>
    <property name="os.name" value="Linux"/>
    <property name="user.country" value="US"/>
    <property name="sun.java.launcher" value="SUN_STANDARD"/>
    <property name="sun.boot.library.path" value="/home/rehan/Installation/java/jdk1.8.0_121/jre/lib/amd64"/>
<<<<<<< HEAD
    <property name="sun.java.command" value="/home/rehan/Projects/apacheMaven/parent-core-service/core/target/surefire/surefirebooter8828650442963991639.jar /home/rehan/Projects/apacheMaven/parent-core-service/core/target/surefire 2019-09-05T09-11-50_624-jvmRun1 surefire6376703545472642661tmp surefire_02418572085034465758tmp"/>
=======
    <property name="sun.java.command" value="/home/rehan/Projects/apacheMaven/parent-core-service/core/target/surefire/surefirebooter7598531548209000645.jar /home/rehan/Projects/apacheMaven/parent-core-service/core/target/surefire 2019-09-04T13-59-31_747-jvmRun1 surefire5258247106653585144tmp surefire_0852784254450061171tmp"/>
>>>>>>> 4b180a47a99a510e1429bd00070a231ec946d26e
    <property name="surefire.test.class.path" value="/home/rehan/Projects/apacheMaven/parent-core-service/core/target/test-classes:/home/rehan/Projects/apacheMaven/parent-core-service/core/target/classes:/home/rehan/.m2/repository/junit/junit/4.11/junit-4.11.jar:/home/rehan/.m2/repository/org/hamcrest/hamcrest-core/1.3/hamcrest-core-1.3.jar:"/>
    <property name="sun.cpu.endian" value="little"/>
    <property name="user.home" value="/home/rehan"/>
    <property name="user.language" value="en"/>
    <property name="java.specification.vendor" value="Oracle Corporation"/>
    <property name="java.home" value="/home/rehan/Installation/java/jdk1.8.0_121/jre"/>
    <property name="basedir" value="/home/rehan/Projects/apacheMaven/parent-core-service/core"/>
    <property name="file.separator" value="/"/>
    <property name="line.separator" value="&#10;"/>
    <property name="java.vm.specification.vendor" value="Oracle Corporation"/>
    <property name="java.specification.name" value="Java Platform API Specification"/>
    <property name="java.awt.graphicsenv" value="sun.awt.X11GraphicsEnvironment"/>
<<<<<<< HEAD
    <property name="surefire.real.class.path" value="/home/rehan/Projects/apacheMaven/parent-core-service/core/target/surefire/surefirebooter8828650442963991639.jar"/>
=======
    <property name="surefire.real.class.path" value="/home/rehan/Projects/apacheMaven/parent-core-service/core/target/surefire/surefirebooter7598531548209000645.jar"/>
>>>>>>> 4b180a47a99a510e1429bd00070a231ec946d26e
    <property name="sun.boot.class.path" value="/home/rehan/Installation/java/jdk1.8.0_121/jre/lib/resources.jar:/home/rehan/Installation/java/jdk1.8.0_121/jre/lib/rt.jar:/home/rehan/Installation/java/jdk1.8.0_121/jre/lib/sunrsasign.jar:/home/rehan/Installation/java/jdk1.8.0_121/jre/lib/jsse.jar:/home/rehan/Installation/java/jdk1.8.0_121/jre/lib/jce.jar:/home/rehan/Installation/java/jdk1.8.0_121/jre/lib/charsets.jar:/home/rehan/Installation/java/jdk1.8.0_121/jre/lib/jfr.jar:/home/rehan/Installation/java/jdk1.8.0_121/jre/classes"/>
    <property name="sun.management.compiler" value="HotSpot 64-Bit Tiered Compilers"/>
    <property name="java.runtime.version" value="1.8.0_121-b13"/>
    <property name="user.name" value="rehan"/>
    <property name="path.separator" value=":"/>
    <property name="os.version" value="4.15.0-60-generic"/>
    <property name="java.endorsed.dirs" value="/home/rehan/Installation/java/jdk1.8.0_121/jre/lib/endorsed"/>
    <property name="java.runtime.name" value="Java(TM) SE Runtime Environment"/>
    <property name="file.encoding" value="UTF-8"/>
    <property name="java.vm.name" value="Java HotSpot(TM) 64-Bit Server VM"/>
    <property name="localRepository" value="/home/rehan/.m2/repository"/>
    <property name="java.vendor.url.bug" value="http://bugreport.sun.com/bugreport/"/>
    <property name="java.io.tmpdir" value="/tmp"/>
    <property name="java.version" value="1.8.0_121"/>
    <property name="user.dir" value="/home/rehan/Projects/apacheMaven/parent-core-service/core"/>
    <property name="os.arch" value="amd64"/>
    <property name="java.vm.specification.name" value="Java Virtual Machine Specification"/>
    <property name="java.awt.printerjob" value="sun.print.PSPrinterJob"/>
    <property name="sun.os.patch.level" value="unknown"/>
    <property name="java.library.path" value="/usr/java/packages/lib/amd64:/usr/lib64:/lib64:/lib:/usr/lib"/>
    <property name="java.vm.info" value="mixed mode"/>
    <property name="java.vendor" value="Oracle Corporation"/>
    <property name="java.vm.version" value="25.121-b13"/>
    <property name="java.ext.dirs" value="/home/rehan/Installation/java/jdk1.8.0_121/jre/lib/ext:/usr/java/packages/lib/ext"/>
    <property name="sun.io.unicode.encoding" value="UnicodeLittle"/>
    <property name="java.class.version" value="52.0"/>
  </properties>
  <testcase name="shouldAnswerWithTrue" classname="hms.intern.AppTest" time="0.001"/>
</testsuite>