<?xml version="1.0" encoding="UTF-8"?>
<!-- Generated by org.testng.reporters.JUnitReportReporter -->
<testsuite hostname="rehan-pc" name="hms.intern.AppTest" tests="1" failures="0" timestamp="5 Sep 2019 08:26:42 GMT" time="0.000" errors="0">
  <testcase name="shouldAnswerWithTrue" time="0.000" classname="hms.intern.AppTest"/>
</testsuite> <!-- hms.intern.AppTest -->
